26-Oct-2018 10:46:04.811 INFOS [http-nio-8080-exec-3] org.apache.catalina.core.ApplicationContext.log HTMLManager: init: Associated with Deployer 'Catalina:type=Deployer,host=localhost'
26-Oct-2018 10:46:04.812 INFOS [http-nio-8080-exec-3] org.apache.catalina.core.ApplicationContext.log HTMLManager: init: Global resources are available
26-Oct-2018 10:46:04.827 INFOS [http-nio-8080-exec-3] org.apache.catalina.core.ApplicationContext.log HTMLManager: list: Listing contexts for virtual host 'localhost'
26-Oct-2018 10:52:40.455 INFOS [http-nio-8080-exec-9] org.apache.catalina.core.ApplicationContext.log HTMLManager: list: Listing contexts for virtual host 'localhost'
26-Oct-2018 10:52:44.671 INFOS [http-nio-8080-exec-6] org.apache.catalina.core.ApplicationContext.log HTMLManager: undeploy: Undeploying web application at '/HelloWorld'
26-Oct-2018 10:52:45.315 INFOS [http-nio-8080-exec-6] org.apache.catalina.core.ApplicationContext.log HTMLManager: list: Listing contexts for virtual host 'localhost'
26-Oct-2018 10:52:53.439 INFOS [http-nio-8080-exec-10] org.apache.catalina.core.ApplicationContext.log HTMLManager: list: Listing contexts for virtual host 'localhost'
26-Oct-2018 10:59:55.611 INFOS [http-nio-8080-exec-20] org.apache.catalina.core.ApplicationContext.log HTMLManager: undeploy: Undeploying web application at '/HelloWorld'
26-Oct-2018 10:59:56.173 INFOS [http-nio-8080-exec-20] org.apache.catalina.core.ApplicationContext.log HTMLManager: list: Listing contexts for virtual host 'localhost'
26-Oct-2018 11:02:12.815 INFOS [http-nio-8080-exec-21] org.apache.catalina.core.ApplicationContext.log HTMLManager: list: Listing contexts for virtual host 'localhost'
26-Oct-2018 11:03:34.420 INFOS [http-nio-8080-exec-23] org.apache.catalina.core.ApplicationContext.log HTMLManager: undeploy: Undeploying web application at '/HelloWorld'
26-Oct-2018 11:03:34.991 INFOS [http-nio-8080-exec-23] org.apache.catalina.core.ApplicationContext.log HTMLManager: list: Listing contexts for virtual host 'localhost'
26-Oct-2018 11:04:04.990 INFOS [http-nio-8080-exec-21] org.apache.catalina.core.ApplicationContext.log HTMLManager: list: Listing contexts for virtual host 'localhost'
26-Oct-2018 11:07:03.355 INFOS [http-nio-8080-exec-31] org.apache.catalina.core.ApplicationContext.log HTMLManager: undeploy: Undeploying web application at '/HelloWorld'
26-Oct-2018 11:07:03.918 INFOS [http-nio-8080-exec-31] org.apache.catalina.core.ApplicationContext.log HTMLManager: list: Listing contexts for virtual host 'localhost'
26-Oct-2018 11:07:10.088 INFOS [http-nio-8080-exec-36] org.apache.catalina.core.ApplicationContext.log HTMLManager: list: Listing contexts for virtual host 'localhost'
26-Oct-2018 11:08:08.782 INFOS [http-nio-8080-exec-39] org.apache.catalina.core.ApplicationContext.log HTMLManager: undeploy: Undeploying web application at '/HelloWorld'
26-Oct-2018 11:08:09.349 INFOS [http-nio-8080-exec-39] org.apache.catalina.core.ApplicationContext.log HTMLManager: list: Listing contexts for virtual host 'localhost'
26-Oct-2018 11:08:16.656 INFOS [http-nio-8080-exec-47] org.apache.catalina.core.ApplicationContext.log HTMLManager: list: Listing contexts for virtual host 'localhost'
26-Oct-2018 11:16:23.365 INFOS [http-nio-8080-exec-54] org.apache.catalina.core.ApplicationContext.log HTMLManager: undeploy: Undeploying web application at '/HelloWorld'
26-Oct-2018 11:16:23.953 INFOS [http-nio-8080-exec-54] org.apache.catalina.core.ApplicationContext.log HTMLManager: list: Listing contexts for virtual host 'localhost'
26-Oct-2018 11:16:31.238 INFOS [http-nio-8080-exec-56] org.apache.catalina.core.ApplicationContext.log HTMLManager: list: Listing contexts for virtual host 'localhost'
26-Oct-2018 11:18:53.587 INFOS [http-nio-8080-exec-58] org.apache.catalina.core.ApplicationContext.log HTMLManager: undeploy: Undeploying web application at '/HelloWorld'
26-Oct-2018 11:18:54.167 INFOS [http-nio-8080-exec-58] org.apache.catalina.core.ApplicationContext.log HTMLManager: list: Listing contexts for virtual host 'localhost'
26-Oct-2018 11:19:00.423 INFOS [http-nio-8080-exec-66] org.apache.catalina.core.ApplicationContext.log HTMLManager: list: Listing contexts for virtual host 'localhost'
26-Oct-2018 11:20:40.289 INFOS [http-nio-8080-exec-67] org.apache.catalina.core.ApplicationContext.log HTMLManager: list: Listing contexts for virtual host 'localhost'
26-Oct-2018 11:22:05.967 INFOS [http-nio-8080-exec-74] org.apache.catalina.core.ApplicationContext.log HTMLManager: undeploy: Undeploying web application at '/HelloWorld'
26-Oct-2018 11:22:06.588 INFOS [http-nio-8080-exec-74] org.apache.catalina.core.ApplicationContext.log HTMLManager: list: Listing contexts for virtual host 'localhost'
26-Oct-2018 11:22:12.877 INFOS [http-nio-8080-exec-68] org.apache.catalina.core.ApplicationContext.log HTMLManager: list: Listing contexts for virtual host 'localhost'
26-Oct-2018 11:27:27.562 INFOS [http-nio-8080-exec-81] org.apache.catalina.core.ApplicationContext.log HTMLManager: undeploy: Undeploying web application at '/HelloWorld'
26-Oct-2018 11:27:28.137 INFOS [http-nio-8080-exec-81] org.apache.catalina.core.ApplicationContext.log HTMLManager: list: Listing contexts for virtual host 'localhost'
26-Oct-2018 11:27:36.062 INFOS [http-nio-8080-exec-85] org.apache.catalina.core.ApplicationContext.log HTMLManager: list: Listing contexts for virtual host 'localhost'
26-Oct-2018 11:31:53.946 INFOS [http-nio-8080-exec-87] org.apache.catalina.core.ApplicationContext.log HTMLManager: undeploy: Undeploying web application at '/HelloWorld'
26-Oct-2018 11:31:54.540 INFOS [http-nio-8080-exec-87] org.apache.catalina.core.ApplicationContext.log HTMLManager: list: Listing contexts for virtual host 'localhost'
26-Oct-2018 11:32:08.088 INFOS [http-nio-8080-exec-95] org.apache.catalina.core.ApplicationContext.log HTMLManager: list: Listing contexts for virtual host 'localhost'
26-Oct-2018 11:32:18.139 INFOS [http-nio-8080-exec-93] org.apache.catalina.core.ApplicationContext.log HTMLManager: undeploy: Undeploying web application at '/HelloWorld'
26-Oct-2018 11:32:18.738 INFOS [http-nio-8080-exec-93] org.apache.catalina.core.ApplicationContext.log HTMLManager: list: Listing contexts for virtual host 'localhost'
26-Oct-2018 12:01:29.030 INFOS [http-nio-8080-exec-102] org.apache.catalina.core.ApplicationContext.log HTMLManager: undeploy: Undeploying web application at '/HelloWorld'
26-Oct-2018 12:01:29.030 INFOS [http-nio-8080-exec-102] org.apache.catalina.core.ApplicationContext.log HTMLManager: list: Listing contexts for virtual host 'localhost'
26-Oct-2018 12:03:02.750 INFOS [http-nio-8080-exec-106] org.apache.catalina.core.ApplicationContext.log HTMLManager: list: Listing contexts for virtual host 'localhost'
26-Oct-2018 12:09:48.522 INFOS [http-nio-8080-exec-105] org.apache.catalina.core.ApplicationContext.log HTMLManager: undeploy: Undeploying web application at '/HelloWorld'
26-Oct-2018 12:09:49.113 INFOS [http-nio-8080-exec-105] org.apache.catalina.core.ApplicationContext.log HTMLManager: list: Listing contexts for virtual host 'localhost'
26-Oct-2018 12:09:55.333 INFOS [http-nio-8080-exec-103] org.apache.catalina.core.ApplicationContext.log HTMLManager: list: Listing contexts for virtual host 'localhost'
26-Oct-2018 12:22:48.179 INFOS [http-nio-8080-exec-112] org.apache.catalina.core.ApplicationContext.log HTMLManager: undeploy: Undeploying web application at '/HelloWorld'
26-Oct-2018 12:22:48.757 INFOS [http-nio-8080-exec-112] org.apache.catalina.core.ApplicationContext.log HTMLManager: list: Listing contexts for virtual host 'localhost'
26-Oct-2018 12:22:54.408 INFOS [http-nio-8080-exec-114] org.apache.catalina.core.ApplicationContext.log HTMLManager: list: Listing contexts for virtual host 'localhost'
26-Oct-2018 12:34:28.896 INFOS [http-nio-8080-exec-126] org.apache.catalina.core.ApplicationContext.log HTMLManager: undeploy: Undeploying web application at '/HelloWorld'
26-Oct-2018 12:34:29.469 INFOS [http-nio-8080-exec-126] org.apache.catalina.core.ApplicationContext.log HTMLManager: list: Listing contexts for virtual host 'localhost'
26-Oct-2018 12:34:36.330 INFOS [http-nio-8080-exec-125] org.apache.catalina.core.ApplicationContext.log HTMLManager: list: Listing contexts for virtual host 'localhost'
26-Oct-2018 12:36:16.045 INFOS [http-nio-8080-exec-132] org.apache.catalina.core.ApplicationContext.log HTMLManager: undeploy: Undeploying web application at '/HelloWorld'
26-Oct-2018 12:36:16.624 INFOS [http-nio-8080-exec-132] org.apache.catalina.core.ApplicationContext.log HTMLManager: list: Listing contexts for virtual host 'localhost'
26-Oct-2018 12:36:21.806 INFOS [http-nio-8080-exec-136] org.apache.catalina.core.ApplicationContext.log HTMLManager: list: Listing contexts for virtual host 'localhost'
26-Oct-2018 12:36:59.046 INFOS [http-nio-8080-exec-128] org.apache.catalina.core.ApplicationContext.log HTMLManager: start: Starting web application '/HelloWorld'
26-Oct-2018 12:36:59.667 INFOS [http-nio-8080-exec-128] org.apache.catalina.core.ApplicationContext.log HTMLManager: list: Listing contexts for virtual host 'localhost'
26-Oct-2018 12:37:04.767 INFOS [http-nio-8080-exec-142] org.apache.catalina.core.ApplicationContext.log HTMLManager: start: Starting web application '/HelloWorld'
26-Oct-2018 12:37:05.412 INFOS [http-nio-8080-exec-142] org.apache.catalina.core.ApplicationContext.log HTMLManager: list: Listing contexts for virtual host 'localhost'
26-Oct-2018 12:37:33.461 INFOS [http-nio-8080-exec-130] org.apache.catalina.core.ApplicationContext.log HTMLManager: undeploy: Undeploying web application at '/HelloWorld'
26-Oct-2018 12:37:34.005 INFOS [http-nio-8080-exec-130] org.apache.catalina.core.ApplicationContext.log HTMLManager: list: Listing contexts for virtual host 'localhost'
26-Oct-2018 12:37:39.579 INFOS [http-nio-8080-exec-141] org.apache.catalina.core.ApplicationContext.log HTMLManager: list: Listing contexts for virtual host 'localhost'
26-Oct-2018 12:49:35.916 INFOS [http-nio-8080-exec-143] org.apache.catalina.core.ApplicationContext.log HTMLManager: undeploy: Undeploying web application at '/HelloWorld'
26-Oct-2018 12:49:36.528 INFOS [http-nio-8080-exec-143] org.apache.catalina.core.ApplicationContext.log HTMLManager: list: Listing contexts for virtual host 'localhost'
26-Oct-2018 12:49:42.204 INFOS [http-nio-8080-exec-147] org.apache.catalina.core.ApplicationContext.log HTMLManager: list: Listing contexts for virtual host 'localhost'
26-Oct-2018 13:04:36.185 INFOS [http-nio-8080-exec-161] org.apache.catalina.core.ApplicationContext.log HTMLManager: undeploy: Undeploying web application at '/HelloWorld'
26-Oct-2018 13:04:36.773 INFOS [http-nio-8080-exec-161] org.apache.catalina.core.ApplicationContext.log HTMLManager: list: Listing contexts for virtual host 'localhost'
26-Oct-2018 13:04:42.723 INFOS [http-nio-8080-exec-153] org.apache.catalina.core.ApplicationContext.log HTMLManager: list: Listing contexts for virtual host 'localhost'
26-Oct-2018 13:05:34.588 INFOS [http-nio-8080-exec-156] org.apache.catalina.core.ApplicationContext.log HTMLManager: undeploy: Undeploying web application at '/HelloWorld'
26-Oct-2018 13:05:35.173 INFOS [http-nio-8080-exec-156] org.apache.catalina.core.ApplicationContext.log HTMLManager: list: Listing contexts for virtual host 'localhost'
26-Oct-2018 13:05:41.843 INFOS [http-nio-8080-exec-162] org.apache.catalina.core.ApplicationContext.log HTMLManager: list: Listing contexts for virtual host 'localhost'
26-Oct-2018 13:19:19.750 INFOS [http-nio-8080-exec-172] org.apache.catalina.core.ApplicationContext.log HTMLManager: undeploy: Undeploying web application at '/HelloWorld'
26-Oct-2018 13:19:22.087 INFOS [http-nio-8080-exec-172] org.apache.catalina.core.ApplicationContext.log HTMLManager: list: Listing contexts for virtual host 'localhost'
26-Oct-2018 13:19:28.870 INFOS [http-nio-8080-exec-176] org.apache.catalina.core.ApplicationContext.log HTMLManager: list: Listing contexts for virtual host 'localhost'
26-Oct-2018 13:41:27.361 INFOS [http-nio-8080-exec-186] org.apache.catalina.core.ApplicationContext.log HTMLManager: undeploy: Undeploying web application at '/HelloWorld'
26-Oct-2018 13:41:29.998 INFOS [http-nio-8080-exec-186] org.apache.catalina.core.ApplicationContext.log HTMLManager: list: Listing contexts for virtual host 'localhost'
26-Oct-2018 13:41:38.866 INFOS [http-nio-8080-exec-181] org.apache.catalina.core.ApplicationContext.log HTMLManager: list: Listing contexts for virtual host 'localhost'
26-Oct-2018 14:32:19.333 INFOS [http-nio-8080-exec-192] org.apache.catalina.core.ApplicationContext.log HTMLManager: list: Listing contexts for virtual host 'localhost'
26-Oct-2018 14:32:22.377 INFOS [http-nio-8080-exec-191] org.apache.catalina.core.ApplicationContext.log HTMLManager: undeploy: Undeploying web application at '/HelloWorld'
26-Oct-2018 14:32:24.648 INFOS [http-nio-8080-exec-191] org.apache.catalina.core.ApplicationContext.log HTMLManager: list: Listing contexts for virtual host 'localhost'
26-Oct-2018 14:32:32.249 INFOS [http-nio-8080-exec-189] org.apache.catalina.core.ApplicationContext.log HTMLManager: list: Listing contexts for virtual host 'localhost'
26-Oct-2018 14:33:24.636 INFOS [http-nio-8080-exec-201] org.apache.catalina.core.ApplicationContext.log HTMLManager: undeploy: Undeploying web application at '/HelloWorld'
26-Oct-2018 14:33:25.307 INFOS [http-nio-8080-exec-201] org.apache.catalina.core.ApplicationContext.log HTMLManager: list: Listing contexts for virtual host 'localhost'
26-Oct-2018 14:33:31.976 INFOS [http-nio-8080-exec-203] org.apache.catalina.core.ApplicationContext.log HTMLManager: list: Listing contexts for virtual host 'localhost'
