08-Nov-2018 13:20:56.696 INFOS [http-nio-8080-exec-2] org.apache.catalina.core.ApplicationContext.log HTMLManager: init: Associated with Deployer 'Catalina:type=Deployer,host=localhost'
08-Nov-2018 13:20:56.697 INFOS [http-nio-8080-exec-2] org.apache.catalina.core.ApplicationContext.log HTMLManager: init: Global resources are available
08-Nov-2018 13:20:56.706 INFOS [http-nio-8080-exec-2] org.apache.catalina.core.ApplicationContext.log HTMLManager: list: Listing contexts for virtual host 'localhost'
08-Nov-2018 13:21:04.991 INFOS [http-nio-8080-exec-8] org.apache.catalina.core.ApplicationContext.log HTMLManager: start: Starting web application '/HelloWorld'
08-Nov-2018 13:21:05.130 INFOS [http-nio-8080-exec-8] org.apache.catalina.core.ApplicationContext.log HTMLManager: list: Listing contexts for virtual host 'localhost'
08-Nov-2018 13:21:08.108 INFOS [http-nio-8080-exec-10] org.apache.catalina.core.ApplicationContext.log HTMLManager: start: Starting web application '/HelloWorld'
08-Nov-2018 13:21:08.138 INFOS [http-nio-8080-exec-10] org.apache.catalina.core.ApplicationContext.log HTMLManager: list: Listing contexts for virtual host 'localhost'
08-Nov-2018 13:21:09.606 INFOS [http-nio-8080-exec-3] org.apache.catalina.core.ApplicationContext.log HTMLManager: start: Starting web application '/HelloWorld'
08-Nov-2018 13:21:09.633 INFOS [http-nio-8080-exec-3] org.apache.catalina.core.ApplicationContext.log HTMLManager: list: Listing contexts for virtual host 'localhost'
08-Nov-2018 13:21:10.358 INFOS [http-nio-8080-exec-7] org.apache.catalina.core.ApplicationContext.log HTMLManager: start: Starting web application '/HelloWorld'
08-Nov-2018 13:21:10.415 INFOS [http-nio-8080-exec-7] org.apache.catalina.core.ApplicationContext.log HTMLManager: list: Listing contexts for virtual host 'localhost'
08-Nov-2018 13:21:11.573 INFOS [http-nio-8080-exec-1] org.apache.catalina.core.ApplicationContext.log HTMLManager: start: Starting web application '/HelloWorld'
08-Nov-2018 13:21:11.607 INFOS [http-nio-8080-exec-1] org.apache.catalina.core.ApplicationContext.log HTMLManager: list: Listing contexts for virtual host 'localhost'
08-Nov-2018 13:21:16.072 INFOS [http-nio-8080-exec-13] org.apache.catalina.core.ApplicationContext.log HTMLManager: undeploy: Undeploying web application at '/HelloWorld'
08-Nov-2018 13:21:16.920 INFOS [http-nio-8080-exec-13] org.apache.catalina.core.ApplicationContext.log HTMLManager: list: Listing contexts for virtual host 'localhost'
08-Nov-2018 13:22:03.935 INFOS [http-nio-8080-exec-4] org.apache.catalina.core.ApplicationContext.log HTMLManager: list: Listing contexts for virtual host 'localhost'
08-Nov-2018 13:40:12.257 INFOS [http-nio-8080-exec-20] org.apache.catalina.core.ApplicationContext.log HTMLManager: undeploy: Undeploying web application at '/HelloWorld'
08-Nov-2018 13:40:12.900 INFOS [http-nio-8080-exec-20] org.apache.catalina.core.ApplicationContext.log HTMLManager: list: Listing contexts for virtual host 'localhost'
08-Nov-2018 13:40:19.133 INFOS [http-nio-8080-exec-18] org.apache.catalina.core.ApplicationContext.log HTMLManager: list: Listing contexts for virtual host 'localhost'
08-Nov-2018 13:45:53.190 INFOS [http-nio-8080-exec-29] org.apache.catalina.core.ApplicationContext.log HTMLManager: undeploy: Undeploying web application at '/HelloWorld'
08-Nov-2018 13:45:53.859 INFOS [http-nio-8080-exec-29] org.apache.catalina.core.ApplicationContext.log HTMLManager: list: Listing contexts for virtual host 'localhost'
08-Nov-2018 13:46:00.318 INFOS [http-nio-8080-exec-25] org.apache.catalina.core.ApplicationContext.log HTMLManager: list: Listing contexts for virtual host 'localhost'
08-Nov-2018 13:58:42.006 INFOS [http-nio-8080-exec-37] org.apache.catalina.core.ApplicationContext.log HTMLManager: undeploy: Undeploying web application at '/HelloWorld'
08-Nov-2018 13:58:42.639 INFOS [http-nio-8080-exec-37] org.apache.catalina.core.ApplicationContext.log HTMLManager: list: Listing contexts for virtual host 'localhost'
08-Nov-2018 13:58:49.233 INFOS [http-nio-8080-exec-39] org.apache.catalina.core.ApplicationContext.log HTMLManager: list: Listing contexts for virtual host 'localhost'
08-Nov-2018 14:01:12.473 INFOS [http-nio-8080-exec-45] org.apache.catalina.core.ApplicationContext.log HTMLManager: undeploy: Undeploying web application at '/HelloWorld'
08-Nov-2018 14:01:13.257 INFOS [http-nio-8080-exec-45] org.apache.catalina.core.ApplicationContext.log HTMLManager: list: Listing contexts for virtual host 'localhost'
08-Nov-2018 14:01:18.353 INFOS [http-nio-8080-exec-49] org.apache.catalina.core.ApplicationContext.log HTMLManager: list: Listing contexts for virtual host 'localhost'
08-Nov-2018 14:18:49.251 INFOS [http-nio-8080-exec-57] org.apache.catalina.core.ApplicationContext.log HTMLManager: undeploy: Undeploying web application at '/HelloWorld'
08-Nov-2018 14:18:50.005 INFOS [http-nio-8080-exec-57] org.apache.catalina.core.ApplicationContext.log HTMLManager: list: Listing contexts for virtual host 'localhost'
08-Nov-2018 14:18:56.036 INFOS [http-nio-8080-exec-56] org.apache.catalina.core.ApplicationContext.log HTMLManager: list: Listing contexts for virtual host 'localhost'
08-Nov-2018 14:29:17.226 INFOS [http-nio-8080-exec-69] org.apache.catalina.core.ApplicationContext.log HTMLManager: undeploy: Undeploying web application at '/HelloWorld'
08-Nov-2018 14:29:17.944 INFOS [http-nio-8080-exec-69] org.apache.catalina.core.ApplicationContext.log HTMLManager: list: Listing contexts for virtual host 'localhost'
08-Nov-2018 14:29:22.570 INFOS [http-nio-8080-exec-71] org.apache.catalina.core.ApplicationContext.log HTMLManager: list: Listing contexts for virtual host 'localhost'
08-Nov-2018 14:42:08.012 INFOS [http-nio-8080-exec-79] org.apache.catalina.core.ApplicationContext.log HTMLManager: undeploy: Undeploying web application at '/HelloWorld'
08-Nov-2018 14:42:08.834 INFOS [http-nio-8080-exec-79] org.apache.catalina.core.ApplicationContext.log HTMLManager: list: Listing contexts for virtual host 'localhost'
08-Nov-2018 14:42:13.841 INFOS [http-nio-8080-exec-74] org.apache.catalina.core.ApplicationContext.log HTMLManager: list: Listing contexts for virtual host 'localhost'
08-Nov-2018 14:55:25.353 INFOS [http-nio-8080-exec-85] org.apache.catalina.core.ApplicationContext.log HTMLManager: undeploy: Undeploying web application at '/HelloWorld'
08-Nov-2018 14:55:26.019 INFOS [http-nio-8080-exec-85] org.apache.catalina.core.ApplicationContext.log HTMLManager: list: Listing contexts for virtual host 'localhost'
08-Nov-2018 14:55:31.860 INFOS [http-nio-8080-exec-84] org.apache.catalina.core.ApplicationContext.log HTMLManager: list: Listing contexts for virtual host 'localhost'
08-Nov-2018 15:39:31.956 INFOS [http-nio-8080-exec-95] org.apache.catalina.core.ApplicationContext.log HTMLManager: list: Listing contexts for virtual host 'localhost'
08-Nov-2018 15:39:34.113 INFOS [http-nio-8080-exec-97] org.apache.catalina.core.ApplicationContext.log HTMLManager: undeploy: Undeploying web application at '/HelloWorld'
08-Nov-2018 15:39:34.942 INFOS [http-nio-8080-exec-97] org.apache.catalina.core.ApplicationContext.log HTMLManager: list: Listing contexts for virtual host 'localhost'
08-Nov-2018 15:39:41.013 INFOS [http-nio-8080-exec-100] org.apache.catalina.core.ApplicationContext.log HTMLManager: list: Listing contexts for virtual host 'localhost'
08-Nov-2018 15:48:49.116 INFOS [http-nio-8080-exec-110] org.apache.catalina.core.ApplicationContext.log HTMLManager: undeploy: Undeploying web application at '/HelloWorld'
08-Nov-2018 15:48:49.803 INFOS [http-nio-8080-exec-110] org.apache.catalina.core.ApplicationContext.log HTMLManager: list: Listing contexts for virtual host 'localhost'
08-Nov-2018 15:48:57.694 INFOS [http-nio-8080-exec-106] org.apache.catalina.core.ApplicationContext.log HTMLManager: list: Listing contexts for virtual host 'localhost'
